<?xml version="1.0" encoding="UTF-8"?>
<!-- Generated by org.testng.reporters.JUnitXMLReporter -->
<testsuite ignored="1" hostname="sud-dev-uk-6adf" failures="0" tests="3" name="Test" time="0.093" errors="0" timestamp="2023-09-28T19:03:18 IST">
  <testcase classname="org.automationanywhereTestNG.TestNgAssessment" name="findEachCharacterOccuranceInAString" time="0.01"/>
  <testcase classname="org.automationanywhereTestNG.TestNgAssessment" name="fineTheCharacterCasesInAString" time="0.008"/>
  <testcase classname="org.automationanywhereTestNG.TestNgAssessment" name="sortTheArrayIntegers" time="0.002"/>
  <testcase classname="org.automationanywhereTestNG.TestNgAssessment" name="checkGivenStringIsPalindrome" time="0.0">
    <ignored/>
  </testcase> <!-- checkGivenStringIsPalindrome -->
</testsuite> <!-- Test -->
