<?xml version="1.0" encoding="UTF-8"?>
<!-- Generated by org.testng.reporters.JUnitXMLReporter -->
<testsuite ignored="1" hostname="sud-dev-uk-6adf" failures="0" tests="1" name="Default test" time="40.045" errors="0" timestamp="2023-09-28T20:52:36 IST">
  <testcase classname="org.uitest.VerifyAutomationAnywhereWebSite" name="verifyTopMenusPages" time="39.56"/>
  <testcase classname="org.uitest.VerifyAutomationAnywhereWebSite" name="verifyHomePageLogo" time="0.0">
    <ignored/>
  </testcase> <!-- verifyHomePageLogo -->
</testsuite> <!-- Default test -->
