<?xml version="1.0" encoding="UTF-8"?>
<!-- Generated by org.testng.reporters.JUnitXMLReporter -->
<testsuite ignored="0" hostname="sud-dev-uk-6adf" failures="0" tests="4" name="Default test" time="0.147" errors="0" timestamp="2023-09-28T18:59:23 IST">
  <testcase classname="org.automationanywhereTestNG.TestNgAssessment" name="checkGivenStringIsPalindrome" time="0.016"/>
  <testcase classname="org.automationanywhereTestNG.TestNgAssessment" name="findEachCharacterOccuranceInAString" time="0.003"/>
  <testcase classname="org.automationanywhereTestNG.TestNgAssessment" name="fineTheCharacterCasesInAString" time="0.013"/>
  <testcase classname="org.automationanywhereTestNG.TestNgAssessment" name="sortTheArrayIntegers" time="0.003"/>
</testsuite> <!-- Default test -->
