<?xml version="1.0" encoding="UTF-8"?>
<testng-results ignored="0" total="1" passed="1" failed="0" skipped="0">
  <reporter-output>
  </reporter-output>
  <suite started-at="2023-09-28T17:58:01Z" name="Suite" finished-at="2023-09-28T17:58:01Z" duration-ms="904">
    <groups>
    </groups>
    <test started-at="2023-09-28T17:58:01Z" name="Test" finished-at="2023-09-28T17:58:01Z" duration-ms="904">
      <class name="org.readandwritetest.TestReadAndWriteTestInMaven">
        <test-method signature="readDataFromExcel()[pri:0, instance:org.readandwritetest.TestReadAndWriteTestInMaven@1fa1cab1]" started-at="2023-09-28T17:58:01Z" name="readDataFromExcel" finished-at="2023-09-28T17:58:01Z" duration-ms="854" status="PASS">
          <reporter-output>
          </reporter-output>
        </test-method> <!-- readDataFromExcel -->
      </class> <!-- org.readandwritetest.TestReadAndWriteTestInMaven -->
    </test> <!-- Test -->
  </suite> <!-- Suite -->
</testng-results>
