<?xml version="1.0" encoding="UTF-8"?>
<testng-results ignored="0" total="1" passed="1" failed="0" skipped="0">
  <reporter-output>
  </reporter-output>
  <suite started-at="2023-09-28T20:51:56 IST" name="Default suite" finished-at="2023-09-28T20:52:36 IST" duration-ms="40045">
    <groups>
    </groups>
    <test started-at="2023-09-28T20:51:56 IST" name="Default test" finished-at="2023-09-28T20:52:36 IST" duration-ms="40045">
      <class name="org.uitest.VerifyAutomationAnywhereWebSite">
        <test-method signature="verifyTopMenusPages()[pri:0, instance:org.uitest.VerifyAutomationAnywhereWebSite@4686afc2]" started-at="2023-09-28T20:51:56 IST" name="verifyTopMenusPages" finished-at="2023-09-28T20:52:35 IST" duration-ms="39560" status="PASS">
          <reporter-output>
          </reporter-output>
        </test-method> <!-- verifyTopMenusPages -->
        <test-method is-config="true" signature="oneTimeTearDown()[pri:0, instance:org.uitest.VerifyAutomationAnywhereWebSite@4686afc2]" started-at="2023-09-28T20:52:35 IST" name="oneTimeTearDown" finished-at="2023-09-28T20:52:36 IST" duration-ms="411" status="PASS">
          <reporter-output>
          </reporter-output>
        </test-method> <!-- oneTimeTearDown -->
      </class> <!-- org.uitest.VerifyAutomationAnywhereWebSite -->
    </test> <!-- Default test -->
  </suite> <!-- Default suite -->
</testng-results>
